<?xml version="1.0" encoding="UTF-8"?>
<testsuites name="TS01-Positive_Login" time="364.674" tests="2" failures="1" errors="0">
   <testsuite name="TS01-Positive_Login" tests="2" failures="1" errors="0" time="364.674" skipped="0" timestamp="2023-04-29 22:51:31" hostname="USER - 192.168.1.72" id="Test Suites/TS01-Positive_Login">
      <properties>
         <property name="deviceName" value="emulator-5554 (Android SDK built for x86 - Android 7.0)"/>
         <property name="devicePlatform" value=""/>
         <property name="logFolder" value="C:\\Users\\USER\\git\\mobileTest_katalonQuiz7\\Reports\\20230429_225121\\TS01-Positive_Login\\20230429_225121"/>
         <property name="logFiles" value="C:\\Users\\USER\\git\\mobileTest_katalonQuiz7\\Reports\\20230429_225121\\TS01-Positive_Login\\20230429_225121\\appium.log, C:\\Users\\USER\\git\\mobileTest_katalonQuiz7\\Reports\\20230429_225121\\TS01-Positive_Login\\20230429_225121\\execution0.log"/>
         <property name="attachments" value="C:\\Users\\USER\\git\\mobileTest_katalonQuiz7\\Reports\\20230429_225121\\TS01-Positive_Login\\20230429_225121\\1682783663272.png, C:\\Users\\USER\\git\\mobileTest_katalonQuiz7\\Reports\\20230429_225121\\TS01-Positive_Login\\20230429_225121\\1682783726091.png, C:\\Users\\USER\\git\\mobileTest_katalonQuiz7\\Reports\\20230429_225121\\TS01-Positive_Login\\20230429_225121\\1682783793001.png, C:\\Users\\USER\\git\\mobileTest_katalonQuiz7\\Reports\\20230429_225121\\TS01-Positive_Login\\20230429_225121\\1682783854994.png"/>
         <property name="hostName" value="USER - 192.168.1.72"/>
         <property name="os" value="Windows 10 64bit"/>
         <property name="appiumServerStatus" value="{&quot;value&quot;:{&quot;build&quot;:{&quot;version&quot;:&quot;1.22.3&quot;}},&quot;sessionId&quot;:null,&quot;status&quot;:0}"/>
         <property name="katalonVersion" value="8.6.0.208"/>
         <property name="deviceOS" value="Android"/>
         <property name="appiumVersion" value="1.22.3"/>
         <property name="deviceModel" value="Android SDK built for x86"/>
         <property name="hostAddress" value="192.168.1.72"/>
         <property name="deviceManufacturer" value="Google"/>
         <property name="deviceId" value="emulator-5554"/>
         <property name="deviceName" value="emulator-5554 (Android SDK built for x86 - Android 7.0)"/>
         <property name="deviceOSVersion" value="7.0"/>
      </properties>
      <testcase name="Test Cases/SK01-Login/Positive Case/TC002-Login_Registered_User" time="95.352" classname="Test Cases/SK01-Login/Positive Case/TC002-Login_Registered_User" status="PASSED">
         <system-out><![CDATA[2023-04-29 22:51:32 - [TEST_CASE][PASSED] - Test Cases/SK01-Login/Positive Case/TC002-Login_Registered_User: Test Cases/SK01-Login/Positive Case/TC002-Login_Registered_User

2023-04-29 22:51:34 - [TEST_STEP][PASSED] - startApplication("E:\Android-MyDemoAppRN.1.2.0.build-231_2.apk", true): Started app at: 'E:\Android-MyDemoAppRN.1.2.0.build-231_2.apk'

2023-04-29 22:51:36 - [MESSAGE][INFO] - Detected NodeJS location: "C:\Program Files\nodejs\node.exe"

2023-04-29 22:51:41 - [MESSAGE][INFO] - Appium server started on port 63.903

2023-04-29 22:52:44 - [MESSAGE][PASSED] - Started app at: 'E:\Android-MyDemoAppRN.1.2.0.build-231_2.apk'

2023-04-29 22:52:44 - [TEST_STEP][PASSED] - tap(findTestObject("P01-Product/btn-burgerMenu"), 0): Tapped on element 'Object Repository/P01-Product/btn-burgerMenu'

2023-04-29 22:52:44 - [MESSAGE][WARNING] - Timeout '0' is invalid. Using default page load timeout: '30'

2023-04-29 22:52:47 - [MESSAGE][PASSED] - Tapped on element 'Object Repository/P01-Product/btn-burgerMenu'

2023-04-29 22:52:47 - [TEST_STEP][PASSED] - scrollToText("Log In"): Scrolling to text 'Log In' successfully

2023-04-29 22:52:50 - [MESSAGE][PASSED] - Scrolling to text 'Log In' successfully

2023-04-29 22:52:50 - [TEST_STEP][PASSED] - tap(findTestObject("P01-Product/btn-BurgerMenu_login"), 0): Tapped on element 'Object Repository/P01-Product/btn-BurgerMenu_login'

2023-04-29 22:52:51 - [MESSAGE][WARNING] - Timeout '0' is invalid. Using default page load timeout: '30'

2023-04-29 22:52:52 - [MESSAGE][PASSED] - Tapped on element 'Object Repository/P01-Product/btn-BurgerMenu_login'

2023-04-29 22:52:52 - [TEST_STEP][PASSED] - setText(findTestObject("P02-Login/editText-usernameLogin"), "bob@example.com", 0): Text 'bob@example.com' has been set to element 'Object Repository/P02-Login/editText-usernameLogin'

2023-04-29 22:52:52 - [MESSAGE][WARNING] - Timeout '0' is invalid. Using default page load timeout: '30'

2023-04-29 22:52:56 - [MESSAGE][PASSED] - Text 'bob@example.com' has been set to element 'Object Repository/P02-Login/editText-usernameLogin'

2023-04-29 22:52:56 - [TEST_STEP][PASSED] - setEncryptedText(findTestObject("P02-Login/editText-passwordLogin"), "dbXIBZ66cuht4KTRMDozZw==", 0): Encrypted text 'dbXIBZ66cuht4KTRMDozZw==' has been set to element 'Object Repository/P02-Login/editText-passwordLogin'

2023-04-29 22:52:56 - [MESSAGE][WARNING] - Timeout '0' is invalid. Using default page load timeout: '30'

2023-04-29 22:52:57 - [MESSAGE][PASSED] - Encrypted text 'dbXIBZ66cuht4KTRMDozZw==' has been set to element 'Object Repository/P02-Login/editText-passwordLogin'

2023-04-29 22:52:57 - [TEST_STEP][PASSED] - tap(findTestObject("P02-Login/btn-login"), 0): Tapped on element 'Object Repository/P02-Login/btn-login'

2023-04-29 22:52:58 - [MESSAGE][WARNING] - Timeout '0' is invalid. Using default page load timeout: '30'

2023-04-29 22:52:58 - [MESSAGE][PASSED] - Tapped on element 'Object Repository/P02-Login/btn-login'

2023-04-29 22:52:58 - [TEST_STEP][PASSED] - verifyElementText(findTestObject("P01-Product/textView-titleProductPage"), "Products"): Actual text and expected text of test object 'Object Repository/P01-Product/textView-titleProductPage' are matched.

2023-04-29 22:53:02 - [MESSAGE][PASSED] - Actual text and expected text of test object 'Object Repository/P01-Product/textView-titleProductPage' are matched.

2023-04-29 22:53:02 - [TEST_STEP][PASSED] - closeApplication(): Close app successfully

2023-04-29 22:53:08 - [MESSAGE][PASSED] - Close app successfully]]></system-out>
         <system-err><![CDATA[]]></system-err>
      </testcase>
      <testcase name="Test Cases/SK01-Login/Positive Case/TC003-Login_Locked_User" time="61.792" classname="Test Cases/SK01-Login/Positive Case/TC003-Login_Locked_User" status="FAILED">
         <failure type="FAILED" message="Test Cases/SK01-Login/Positive Case/TC003-Login_Locked_User FAILED.
Reason:
com.kms.katalon.core.exception.StepFailedException: Actual text 'Sorry, this user has been locked out.' and expected text 'Sorry, this user has been locked out' of test object 'Object Repository/P02-Login/textView-warningLockedUser' are NOT matched.
	at com.kms.katalon.core.keyword.internal.KeywordMain.stepFailed(KeywordMain.groovy:51)
	at com.kms.katalon.core.mobile.keyword.internal.MobileKeywordMain.stepFailed(MobileKeywordMain.groovy:40)
	at com.kms.katalon.core.mobile.keyword.builtin.VerifyElementTextKeyword$_verifyElementText_closure1.doCall(VerifyElementTextKeyword.groovy:56)
	at com.kms.katalon.core.mobile.keyword.builtin.VerifyElementTextKeyword$_verifyElementText_closure1.call(VerifyElementTextKeyword.groovy)
	at com.kms.katalon.core.mobile.keyword.internal.MobileKeywordMain.runKeyword(MobileKeywordMain.groovy:21)
	at com.kms.katalon.core.mobile.keyword.builtin.VerifyElementTextKeyword.verifyElementText(VerifyElementTextKeyword.groovy:62)
	at com.kms.katalon.core.mobile.keyword.builtin.VerifyElementTextKeyword.execute(VerifyElementTextKeyword.groovy:39)
	at com.kms.katalon.core.keyword.internal.KeywordExecutor.executeKeywordForPlatform(KeywordExecutor.groovy:74)
	at com.kms.katalon.core.mobile.keyword.MobileBuiltInKeywords.verifyElementText(MobileBuiltInKeywords.groovy:2901)
	at com.kms.katalon.core.mobile.keyword.MobileBuiltInKeywords$verifyElementText$4.call(Unknown Source)
	at TC003-Login_Locked_User.run(TC003-Login_Locked_User:34)
	at com.kms.katalon.core.main.ScriptEngine.run(ScriptEngine.java:194)
	at com.kms.katalon.core.main.ScriptEngine.runScriptAsRawText(ScriptEngine.java:119)
	at com.kms.katalon.core.main.TestCaseExecutor.runScript(TestCaseExecutor.java:448)
	at com.kms.katalon.core.main.TestCaseExecutor.doExecute(TestCaseExecutor.java:439)
	at com.kms.katalon.core.main.TestCaseExecutor.processExecutionPhase(TestCaseExecutor.java:418)
	at com.kms.katalon.core.main.TestCaseExecutor.accessMainPhase(TestCaseExecutor.java:410)
	at com.kms.katalon.core.main.TestCaseExecutor.execute(TestCaseExecutor.java:285)
	at com.kms.katalon.core.main.TestCaseExecutor.execute(TestCaseExecutor.java:369)
	at com.kms.katalon.core.main.TestCaseExecutor.execute(TestCaseExecutor.java:369)
	at com.kms.katalon.core.main.TestCaseExecutor.execute(TestCaseExecutor.java:369)
	at com.kms.katalon.core.common.CommonExecutor.accessTestCaseMainPhase(CommonExecutor.java:65)
	at com.kms.katalon.core.main.TestSuiteExecutor.accessTestSuiteMainPhase(TestSuiteExecutor.java:148)
	at com.kms.katalon.core.main.TestSuiteExecutor.execute(TestSuiteExecutor.java:106)
	at com.kms.katalon.core.main.TestCaseMain.startTestSuite(TestCaseMain.java:187)
	at com.kms.katalon.core.main.TestCaseMain$startTestSuite$0.call(Unknown Source)
	at TempTestSuite1682783481379.run(TempTestSuite1682783481379.groovy:36)
"/>
         <system-out><![CDATA[2023-04-29 22:56:34 - [TEST_CASE][FAILED] - Test Cases/SK01-Login/Positive Case/TC003-Login_Locked_User: Test Cases/SK01-Login/Positive Case/TC003-Login_Locked_User FAILED.
Reason:
com.kms.katalon.core.exception.StepFailedException: Actual text 'Sorry, this user has been locked out.' and expected text 'Sorry, this user has been locked out' of test object 'Object Repository/P02-Login/textView-warningLockedUser' are NOT matched.
	at com.kms.katalon.core.keyword.internal.KeywordMain.stepFailed(KeywordMain.groovy:51)
	at com.kms.katalon.core.mobile.keyword.internal.MobileKeywordMain.stepFailed(MobileKeywordMain.groovy:40)
	at com.kms.katalon.core.mobile.keyword.builtin.VerifyElementTextKeyword$_verifyElementText_closure1.doCall(VerifyElementTextKeyword.groovy:56)
	at com.kms.katalon.core.mobile.keyword.builtin.VerifyElementTextKeyword$_verifyElementText_closure1.call(VerifyElementTextKeyword.groovy)
	at com.kms.katalon.core.mobile.keyword.internal.MobileKeywordMain.runKeyword(MobileKeywordMain.groovy:21)
	at com.kms.katalon.core.mobile.keyword.builtin.VerifyElementTextKeyword.verifyElementText(VerifyElementTextKeyword.groovy:62)
	at com.kms.katalon.core.mobile.keyword.builtin.VerifyElementTextKeyword.execute(VerifyElementTextKeyword.groovy:39)
	at com.kms.katalon.core.keyword.internal.KeywordExecutor.executeKeywordForPlatform(KeywordExecutor.groovy:74)
	at com.kms.katalon.core.mobile.keyword.MobileBuiltInKeywords.verifyElementText(MobileBuiltInKeywords.groovy:2901)
	at com.kms.katalon.core.mobile.keyword.MobileBuiltInKeywords$verifyElementText$4.call(Unknown Source)
	at TC003-Login_Locked_User.run(TC003-Login_Locked_User:34)
	at com.kms.katalon.core.main.ScriptEngine.run(ScriptEngine.java:194)
	at com.kms.katalon.core.main.ScriptEngine.runScriptAsRawText(ScriptEngine.java:119)
	at com.kms.katalon.core.main.TestCaseExecutor.runScript(TestCaseExecutor.java:448)
	at com.kms.katalon.core.main.TestCaseExecutor.doExecute(TestCaseExecutor.java:439)
	at com.kms.katalon.core.main.TestCaseExecutor.processExecutionPhase(TestCaseExecutor.java:418)
	at com.kms.katalon.core.main.TestCaseExecutor.accessMainPhase(TestCaseExecutor.java:410)
	at com.kms.katalon.core.main.TestCaseExecutor.execute(TestCaseExecutor.java:285)
	at com.kms.katalon.core.main.TestCaseExecutor.execute(TestCaseExecutor.java:369)
	at com.kms.katalon.core.main.TestCaseExecutor.execute(TestCaseExecutor.java:369)
	at com.kms.katalon.core.main.TestCaseExecutor.execute(TestCaseExecutor.java:369)
	at com.kms.katalon.core.common.CommonExecutor.accessTestCaseMainPhase(CommonExecutor.java:65)
	at com.kms.katalon.core.main.TestSuiteExecutor.accessTestSuiteMainPhase(TestSuiteExecutor.java:148)
	at com.kms.katalon.core.main.TestSuiteExecutor.execute(TestSuiteExecutor.java:106)
	at com.kms.katalon.core.main.TestCaseMain.startTestSuite(TestCaseMain.java:187)
	at com.kms.katalon.core.main.TestCaseMain$startTestSuite$0.call(Unknown Source)
	at TempTestSuite1682783481379.run(TempTestSuite1682783481379.groovy:36)


2023-04-29 22:56:34 - [TEST_STEP][PASSED] - startApplication("E:\Android-MyDemoAppRN.1.2.0.build-231_2.apk", true): Started app at: 'E:\Android-MyDemoAppRN.1.2.0.build-231_2.apk'

2023-04-29 22:57:20 - [MESSAGE][PASSED] - Started app at: 'E:\Android-MyDemoAppRN.1.2.0.build-231_2.apk'

2023-04-29 22:57:20 - [TEST_STEP][PASSED] - tap(findTestObject("P01-Product/btn-burgerMenu"), 0): Tapped on element 'Object Repository/P01-Product/btn-burgerMenu'

2023-04-29 22:57:21 - [MESSAGE][WARNING] - Timeout '0' is invalid. Using default page load timeout: '30'

2023-04-29 22:57:22 - [MESSAGE][PASSED] - Tapped on element 'Object Repository/P01-Product/btn-burgerMenu'

2023-04-29 22:57:22 - [TEST_STEP][PASSED] - scrollToText("Log In"): Scrolling to text 'Log In' successfully

2023-04-29 22:57:25 - [MESSAGE][PASSED] - Scrolling to text 'Log In' successfully

2023-04-29 22:57:25 - [TEST_STEP][PASSED] - tap(findTestObject("P01-Product/btn-BurgerMenu_login"), 0): Tapped on element 'Object Repository/P01-Product/btn-BurgerMenu_login'

2023-04-29 22:57:25 - [MESSAGE][WARNING] - Timeout '0' is invalid. Using default page load timeout: '30'

2023-04-29 22:57:26 - [MESSAGE][PASSED] - Tapped on element 'Object Repository/P01-Product/btn-BurgerMenu_login'

2023-04-29 22:57:26 - [TEST_STEP][PASSED] - setText(findTestObject("P02-Login/editText-usernameLogin"), "alice@example.com", 0): Text 'alice@example.com' has been set to element 'Object Repository/P02-Login/editText-usernameLogin'

2023-04-29 22:57:27 - [MESSAGE][WARNING] - Timeout '0' is invalid. Using default page load timeout: '30'

2023-04-29 22:57:31 - [MESSAGE][PASSED] - Text 'alice@example.com' has been set to element 'Object Repository/P02-Login/editText-usernameLogin'

2023-04-29 22:57:31 - [TEST_STEP][PASSED] - setEncryptedText(findTestObject("P02-Login/editText-passwordLogin"), "dbXIBZ66cuht4KTRMDozZw==", 0): Encrypted text 'dbXIBZ66cuht4KTRMDozZw==' has been set to element 'Object Repository/P02-Login/editText-passwordLogin'

2023-04-29 22:57:31 - [MESSAGE][WARNING] - Timeout '0' is invalid. Using default page load timeout: '30'

2023-04-29 22:57:32 - [MESSAGE][PASSED] - Encrypted text 'dbXIBZ66cuht4KTRMDozZw==' has been set to element 'Object Repository/P02-Login/editText-passwordLogin'

2023-04-29 22:57:32 - [TEST_STEP][PASSED] - tap(findTestObject("P02-Login/btn-login"), 0): Tapped on element 'Object Repository/P02-Login/btn-login'

2023-04-29 22:57:33 - [MESSAGE][WARNING] - Timeout '0' is invalid. Using default page load timeout: '30'

2023-04-29 22:57:33 - [MESSAGE][PASSED] - Tapped on element 'Object Repository/P02-Login/btn-login'

2023-04-29 22:57:33 - [TEST_STEP][FAILED] - verifyElementText(findTestObject("P02-Login/textView-warningLockedUser"), "Sorry, this user has been locked out"): Verify element text of test object 'Object Repository/P02-Login/textView-warningLockedUser' FAILED. (Root cause: com.kms.katalon.core.exception.StepFailedException: Actual text 'Sorry, this user has been locked out.' and expected text 'Sorry, this user has been locked out' of test object 'Object Repository/P02-Login/textView-warningLockedUser' are NOT matched.
	at com.kms.katalon.core.keyword.internal.KeywordMain.stepFailed(KeywordMain.groovy:51)
	at com.kms.katalon.core.mobile.keyword.internal.MobileKeywordMain.stepFailed(MobileKeywordMain.groovy:40)
	at com.kms.katalon.core.mobile.keyword.builtin.VerifyElementTextKeyword$_verifyElementText_closure1.doCall(VerifyElementTextKeyword.groovy:56)
	at com.kms.katalon.core.mobile.keyword.builtin.VerifyElementTextKeyword$_verifyElementText_closure1.call(VerifyElementTextKeyword.groovy)
	at com.kms.katalon.core.mobile.keyword.internal.MobileKeywordMain.runKeyword(MobileKeywordMain.groovy:21)
	at com.kms.katalon.core.mobile.keyword.builtin.VerifyElementTextKeyword.verifyElementText(VerifyElementTextKeyword.groovy:62)
	at com.kms.katalon.core.mobile.keyword.builtin.VerifyElementTextKeyword.execute(VerifyElementTextKeyword.groovy:39)
	at com.kms.katalon.core.keyword.internal.KeywordExecutor.executeKeywordForPlatform(KeywordExecutor.groovy:74)
	at com.kms.katalon.core.mobile.keyword.MobileBuiltInKeywords.verifyElementText(MobileBuiltInKeywords.groovy:2901)
	at com.kms.katalon.core.mobile.keyword.MobileBuiltInKeywords$verifyElementText$4.call(Unknown Source)
	at TC003-Login_Locked_User.run(TC003-Login_Locked_User:34)
	at com.kms.katalon.core.main.ScriptEngine.run(ScriptEngine.java:194)
	at com.kms.katalon.core.main.ScriptEngine.runScriptAsRawText(ScriptEngine.java:119)
	at com.kms.katalon.core.main.TestCaseExecutor.runScript(TestCaseExecutor.java:448)
	at com.kms.katalon.core.main.TestCaseExecutor.doExecute(TestCaseExecutor.java:439)
	at com.kms.katalon.core.main.TestCaseExecutor.processExecutionPhase(TestCaseExecutor.java:418)
	at com.kms.katalon.core.main.TestCaseExecutor.accessMainPhase(TestCaseExecutor.java:410)
	at com.kms.katalon.core.main.TestCaseExecutor.execute(TestCaseExecutor.java:285)
	at com.kms.katalon.core.main.TestCaseExecutor.execute(TestCaseExecutor.java:369)
	at com.kms.katalon.core.main.TestCaseExecutor.execute(TestCaseExecutor.java:369)
	at com.kms.katalon.core.main.TestCaseExecutor.execute(TestCaseExecutor.java:369)
	at com.kms.katalon.core.common.CommonExecutor.accessTestCaseMainPhase(CommonExecutor.java:65)
	at com.kms.katalon.core.main.TestSuiteExecutor.accessTestSuiteMainPhase(TestSuiteExecutor.java:148)
	at com.kms.katalon.core.main.TestSuiteExecutor.execute(TestSuiteExecutor.java:106)
	at com.kms.katalon.core.main.TestCaseMain.startTestSuite(TestCaseMain.java:187)
	at com.kms.katalon.core.main.TestCaseMain$startTestSuite$0.call(Unknown Source)
	at TempTestSuite1682783481379.run(TempTestSuite1682783481379.groovy:36)
)

2023-04-29 22:57:34 - [MESSAGE][FAILED] - Actual text 'Sorry, this user has been locked out.' and expected text 'Sorry, this user has been locked out' of test object 'Object Repository/P02-Login/textView-warningLockedUser' are NOT matched.

2023-04-29 22:57:36 - [MESSAGE][FAILED] - Verify element text of test object 'Object Repository/P02-Login/textView-warningLockedUser' FAILED. (Root cause: com.kms.katalon.core.exception.StepFailedException: Actual text 'Sorry, this user has been locked out.' and expected text 'Sorry, this user has been locked out' of test object 'Object Repository/P02-Login/textView-warningLockedUser' are NOT matched.
	at com.kms.katalon.core.keyword.internal.KeywordMain.stepFailed(KeywordMain.groovy:51)
	at com.kms.katalon.core.mobile.keyword.internal.MobileKeywordMain.stepFailed(MobileKeywordMain.groovy:40)
	at com.kms.katalon.core.mobile.keyword.builtin.VerifyElementTextKeyword$_verifyElementText_closure1.doCall(VerifyElementTextKeyword.groovy:56)
	at com.kms.katalon.core.mobile.keyword.builtin.VerifyElementTextKeyword$_verifyElementText_closure1.call(VerifyElementTextKeyword.groovy)
	at com.kms.katalon.core.mobile.keyword.internal.MobileKeywordMain.runKeyword(MobileKeywordMain.groovy:21)
	at com.kms.katalon.core.mobile.keyword.builtin.VerifyElementTextKeyword.verifyElementText(VerifyElementTextKeyword.groovy:62)
	at com.kms.katalon.core.mobile.keyword.builtin.VerifyElementTextKeyword.execute(VerifyElementTextKeyword.groovy:39)
	at com.kms.katalon.core.keyword.internal.KeywordExecutor.executeKeywordForPlatform(KeywordExecutor.groovy:74)
	at com.kms.katalon.core.mobile.keyword.MobileBuiltInKeywords.verifyElementText(MobileBuiltInKeywords.groovy:2901)
	at com.kms.katalon.core.mobile.keyword.MobileBuiltInKeywords$verifyElementText$4.call(Unknown Source)
	at TC003-Login_Locked_User.run(TC003-Login_Locked_User:34)
	at com.kms.katalon.core.main.ScriptEngine.run(ScriptEngine.java:194)
	at com.kms.katalon.core.main.ScriptEngine.runScriptAsRawText(ScriptEngine.java:119)
	at com.kms.katalon.core.main.TestCaseExecutor.runScript(TestCaseExecutor.java:448)
	at com.kms.katalon.core.main.TestCaseExecutor.doExecute(TestCaseExecutor.java:439)
	at com.kms.katalon.core.main.TestCaseExecutor.processExecutionPhase(TestCaseExecutor.java:418)
	at com.kms.katalon.core.main.TestCaseExecutor.accessMainPhase(TestCaseExecutor.java:410)
	at com.kms.katalon.core.main.TestCaseExecutor.execute(TestCaseExecutor.java:285)
	at com.kms.katalon.core.main.TestCaseExecutor.execute(TestCaseExecutor.java:369)
	at com.kms.katalon.core.main.TestCaseExecutor.execute(TestCaseExecutor.java:369)
	at com.kms.katalon.core.main.TestCaseExecutor.execute(TestCaseExecutor.java:369)
	at com.kms.katalon.core.common.CommonExecutor.accessTestCaseMainPhase(CommonExecutor.java:65)
	at com.kms.katalon.core.main.TestSuiteExecutor.accessTestSuiteMainPhase(TestSuiteExecutor.java:148)
	at com.kms.katalon.core.main.TestSuiteExecutor.execute(TestSuiteExecutor.java:106)
	at com.kms.katalon.core.main.TestCaseMain.startTestSuite(TestCaseMain.java:187)
	at com.kms.katalon.core.main.TestCaseMain$startTestSuite$0.call(Unknown Source)
	at TempTestSuite1682783481379.run(TempTestSuite1682783481379.groovy:36)
)
[[ATTACHMENT|C:\\Users\\USER\\git\\mobileTest_katalonQuiz7\\Reports\\20230429_225121\\TS01-Positive_Login\\20230429_225121\\1682783854994.png]]]]></system-out>
         <system-err><![CDATA[2023-04-29 22:56:34 - [TEST_CASE][FAILED] - Test Cases/SK01-Login/Positive Case/TC003-Login_Locked_User: Test Cases/SK01-Login/Positive Case/TC003-Login_Locked_User FAILED.
Reason:
com.kms.katalon.core.exception.StepFailedException: Actual text 'Sorry, this user has been locked out.' and expected text 'Sorry, this user has been locked out' of test object 'Object Repository/P02-Login/textView-warningLockedUser' are NOT matched.
	at com.kms.katalon.core.keyword.internal.KeywordMain.stepFailed(KeywordMain.groovy:51)
	at com.kms.katalon.core.mobile.keyword.internal.MobileKeywordMain.stepFailed(MobileKeywordMain.groovy:40)
	at com.kms.katalon.core.mobile.keyword.builtin.VerifyElementTextKeyword$_verifyElementText_closure1.doCall(VerifyElementTextKeyword.groovy:56)
	at com.kms.katalon.core.mobile.keyword.builtin.VerifyElementTextKeyword$_verifyElementText_closure1.call(VerifyElementTextKeyword.groovy)
	at com.kms.katalon.core.mobile.keyword.internal.MobileKeywordMain.runKeyword(MobileKeywordMain.groovy:21)
	at com.kms.katalon.core.mobile.keyword.builtin.VerifyElementTextKeyword.verifyElementText(VerifyElementTextKeyword.groovy:62)
	at com.kms.katalon.core.mobile.keyword.builtin.VerifyElementTextKeyword.execute(VerifyElementTextKeyword.groovy:39)
	at com.kms.katalon.core.keyword.internal.KeywordExecutor.executeKeywordForPlatform(KeywordExecutor.groovy:74)
	at com.kms.katalon.core.mobile.keyword.MobileBuiltInKeywords.verifyElementText(MobileBuiltInKeywords.groovy:2901)
	at com.kms.katalon.core.mobile.keyword.MobileBuiltInKeywords$verifyElementText$4.call(Unknown Source)
	at TC003-Login_Locked_User.run(TC003-Login_Locked_User:34)
	at com.kms.katalon.core.main.ScriptEngine.run(ScriptEngine.java:194)
	at com.kms.katalon.core.main.ScriptEngine.runScriptAsRawText(ScriptEngine.java:119)
	at com.kms.katalon.core.main.TestCaseExecutor.runScript(TestCaseExecutor.java:448)
	at com.kms.katalon.core.main.TestCaseExecutor.doExecute(TestCaseExecutor.java:439)
	at com.kms.katalon.core.main.TestCaseExecutor.processExecutionPhase(TestCaseExecutor.java:418)
	at com.kms.katalon.core.main.TestCaseExecutor.accessMainPhase(TestCaseExecutor.java:410)
	at com.kms.katalon.core.main.TestCaseExecutor.execute(TestCaseExecutor.java:285)
	at com.kms.katalon.core.main.TestCaseExecutor.execute(TestCaseExecutor.java:369)
	at com.kms.katalon.core.main.TestCaseExecutor.execute(TestCaseExecutor.java:369)
	at com.kms.katalon.core.main.TestCaseExecutor.execute(TestCaseExecutor.java:369)
	at com.kms.katalon.core.common.CommonExecutor.accessTestCaseMainPhase(CommonExecutor.java:65)
	at com.kms.katalon.core.main.TestSuiteExecutor.accessTestSuiteMainPhase(TestSuiteExecutor.java:148)
	at com.kms.katalon.core.main.TestSuiteExecutor.execute(TestSuiteExecutor.java:106)
	at com.kms.katalon.core.main.TestCaseMain.startTestSuite(TestCaseMain.java:187)
	at com.kms.katalon.core.main.TestCaseMain$startTestSuite$0.call(Unknown Source)
	at TempTestSuite1682783481379.run(TempTestSuite1682783481379.groovy:36)]]></system-err>
      </testcase>
      <system-out><![CDATA[2023-04-29 22:51:31 - [TEST_SUITE][FAILED] - TS01-Positive_Login: Test Cases/SK01-Login/Positive Case/TC003-Login_Locked_User FAILED.
Reason:
com.kms.katalon.core.exception.StepFailedException: Actual text 'Sorry, this user has been locked out.' and expected text 'Sorry, this user has been locked out' of test object 'Object Repository/P02-Login/textView-warningLockedUser' are NOT matched.
	at com.kms.katalon.core.keyword.internal.KeywordMain.stepFailed(KeywordMain.groovy:51)
	at com.kms.katalon.core.mobile.keyword.internal.MobileKeywordMain.stepFailed(MobileKeywordMain.groovy:40)
	at com.kms.katalon.core.mobile.keyword.builtin.VerifyElementTextKeyword$_verifyElementText_closure1.doCall(VerifyElementTextKeyword.groovy:56)
	at com.kms.katalon.core.mobile.keyword.builtin.VerifyElementTextKeyword$_verifyElementText_closure1.call(VerifyElementTextKeyword.groovy)
	at com.kms.katalon.core.mobile.keyword.internal.MobileKeywordMain.runKeyword(MobileKeywordMain.groovy:21)
	at com.kms.katalon.core.mobile.keyword.builtin.VerifyElementTextKeyword.verifyElementText(VerifyElementTextKeyword.groovy:62)
	at com.kms.katalon.core.mobile.keyword.builtin.VerifyElementTextKeyword.execute(VerifyElementTextKeyword.groovy:39)
	at com.kms.katalon.core.keyword.internal.KeywordExecutor.executeKeywordForPlatform(KeywordExecutor.groovy:74)
	at com.kms.katalon.core.mobile.keyword.MobileBuiltInKeywords.verifyElementText(MobileBuiltInKeywords.groovy:2901)
	at com.kms.katalon.core.mobile.keyword.MobileBuiltInKeywords$verifyElementText$4.call(Unknown Source)
	at TC003-Login_Locked_User.run(TC003-Login_Locked_User:34)
	at com.kms.katalon.core.main.ScriptEngine.run(ScriptEngine.java:194)
	at com.kms.katalon.core.main.ScriptEngine.runScriptAsRawText(ScriptEngine.java:119)
	at com.kms.katalon.core.main.TestCaseExecutor.runScript(TestCaseExecutor.java:448)
	at com.kms.katalon.core.main.TestCaseExecutor.doExecute(TestCaseExecutor.java:439)
	at com.kms.katalon.core.main.TestCaseExecutor.processExecutionPhase(TestCaseExecutor.java:418)
	at com.kms.katalon.core.main.TestCaseExecutor.accessMainPhase(TestCaseExecutor.java:410)
	at com.kms.katalon.core.main.TestCaseExecutor.execute(TestCaseExecutor.java:285)
	at com.kms.katalon.core.common.CommonExecutor.accessTestCaseMainPhase(CommonExecutor.java:65)
	at com.kms.katalon.core.main.TestSuiteExecutor.accessTestSuiteMainPhase(TestSuiteExecutor.java:148)
	at com.kms.katalon.core.main.TestSuiteExecutor.execute(TestSuiteExecutor.java:106)
	at com.kms.katalon.core.main.TestCaseMain.startTestSuite(TestCaseMain.java:187)
	at com.kms.katalon.core.main.TestCaseMain$startTestSuite$0.call(Unknown Source)
	at TempTestSuite1682783481379.run(TempTestSuite1682783481379.groovy:36)]]></system-out>
      <system-err><![CDATA[2023-04-29 22:51:31 - [TEST_SUITE][FAILED] - TS01-Positive_Login: Test Cases/SK01-Login/Positive Case/TC003-Login_Locked_User FAILED.
Reason:
com.kms.katalon.core.exception.StepFailedException: Actual text 'Sorry, this user has been locked out.' and expected text 'Sorry, this user has been locked out' of test object 'Object Repository/P02-Login/textView-warningLockedUser' are NOT matched.
	at com.kms.katalon.core.keyword.internal.KeywordMain.stepFailed(KeywordMain.groovy:51)
	at com.kms.katalon.core.mobile.keyword.internal.MobileKeywordMain.stepFailed(MobileKeywordMain.groovy:40)
	at com.kms.katalon.core.mobile.keyword.builtin.VerifyElementTextKeyword$_verifyElementText_closure1.doCall(VerifyElementTextKeyword.groovy:56)
	at com.kms.katalon.core.mobile.keyword.builtin.VerifyElementTextKeyword$_verifyElementText_closure1.call(VerifyElementTextKeyword.groovy)
	at com.kms.katalon.core.mobile.keyword.internal.MobileKeywordMain.runKeyword(MobileKeywordMain.groovy:21)
	at com.kms.katalon.core.mobile.keyword.builtin.VerifyElementTextKeyword.verifyElementText(VerifyElementTextKeyword.groovy:62)
	at com.kms.katalon.core.mobile.keyword.builtin.VerifyElementTextKeyword.execute(VerifyElementTextKeyword.groovy:39)
	at com.kms.katalon.core.keyword.internal.KeywordExecutor.executeKeywordForPlatform(KeywordExecutor.groovy:74)
	at com.kms.katalon.core.mobile.keyword.MobileBuiltInKeywords.verifyElementText(MobileBuiltInKeywords.groovy:2901)
	at com.kms.katalon.core.mobile.keyword.MobileBuiltInKeywords$verifyElementText$4.call(Unknown Source)
	at TC003-Login_Locked_User.run(TC003-Login_Locked_User:34)
	at com.kms.katalon.core.main.ScriptEngine.run(ScriptEngine.java:194)
	at com.kms.katalon.core.main.ScriptEngine.runScriptAsRawText(ScriptEngine.java:119)
	at com.kms.katalon.core.main.TestCaseExecutor.runScript(TestCaseExecutor.java:448)
	at com.kms.katalon.core.main.TestCaseExecutor.doExecute(TestCaseExecutor.java:439)
	at com.kms.katalon.core.main.TestCaseExecutor.processExecutionPhase(TestCaseExecutor.java:418)
	at com.kms.katalon.core.main.TestCaseExecutor.accessMainPhase(TestCaseExecutor.java:410)
	at com.kms.katalon.core.main.TestCaseExecutor.execute(TestCaseExecutor.java:285)
	at com.kms.katalon.core.common.CommonExecutor.accessTestCaseMainPhase(CommonExecutor.java:65)
	at com.kms.katalon.core.main.TestSuiteExecutor.accessTestSuiteMainPhase(TestSuiteExecutor.java:148)
	at com.kms.katalon.core.main.TestSuiteExecutor.execute(TestSuiteExecutor.java:106)
	at com.kms.katalon.core.main.TestCaseMain.startTestSuite(TestCaseMain.java:187)
	at com.kms.katalon.core.main.TestCaseMain$startTestSuite$0.call(Unknown Source)
	at TempTestSuite1682783481379.run(TempTestSuite1682783481379.groovy:36)]]></system-err>
   </testsuite>
</testsuites>
